{"name": "test_products_group", "status": "skipped", "statusDetails": {"message": "XFAIL Wait for fix bug\n\nselenium.common.exceptions.ElementClickInterceptedException: Message: element click intercepted: Element <a href=\"https://testqastudio.me?products_group=sale\" class=\"tab-sale \">...</a> is not clickable at point (708, 695). Other element would receive the click: <div class=\"catalog-toolbar-tabs__content\">...</div>\n  (Session info: chrome=114.0.5735.110)\nStacktrace:\nBacktrace:\n\tGetHandleVerifier [0x00C6A813+48355]\n\t(No symbol) [0x00BFC4B1]\n\t(No symbol) [0x00B05358]\n\t(No symbol) [0x00B35062]\n\t(No symbol) [0x00B33B98]\n\t(No symbol) [0x00B3239B]\n\t(No symbol) [0x00B3179E]\n\t(No symbol) [0x00B29F5C]\n\t(No symbol) [0x00B4A73C]\n\t(No symbol) [0x00B29A36]\n\t(No symbol) [0x00B4AA94]\n\t(No symbol) [0x00B5C922]\n\t(No symbol) [0x00B4A536]\n\t(No symbol) [0x00B282DC]\n\t(No symbol) [0x00B293DD]\n\tGetHandleVerifier [0x00ECAABD+2539405]\n\tGetHandleVerifier [0x00F0A78F+2800735]\n\tGetHandleVerifier [0x00F0456C+2775612]\n\tGetHandleVerifier [0x00CF51E0+616112]\n\t(No symbol) [0x00C05F8C]\n\t(No symbol) [0x00C02328]\n\t(No symbol) [0x00C0240B]\n\t(No symbol) [0x00BF4FF7]\n\tBaseThreadInitThunk [0x779300C9+25]\n\tRtlGetAppContainerNamedObjectPath [0x77B77B4E+286]\n\tRtlGetAppContainerNamedObjectPath [0x77B77B1E+238]", "trace": "tests\\test_shop.py:48: in test_products_group\n    element.click()\n        browser    = <selenium.webdriver.chrome.webdriver.WebDriver (session=\"442a7ae924eb8501a76b53b50d0f5d64\")>\n        element    = <selenium.webdriver.remote.webelement.WebElement (session=\"442a7ae924eb8501a76b53b50d0f5d64\", element=\"8D2FC73D429F899E7B79ECF6BE75CCEA_element_76\")>\n        elements   = [<selenium.webdriver.remote.webelement.WebElement (session=\"442a7ae924eb8501a76b53b50d0f5d64\", element=\"4F4F755450A2D6...lement.WebElement (session=\"442a7ae924eb8501a76b53b50d0f5d64\", element=\"4F4F755450A2D692AF6B5F7D21A60DB6_element_57\")>]\n        expected_menu = [('Все', '', \"[class='tab-all active']\"), ('Бестселлеры', '/?products_group=best_sellers', \"[class='tab-best_sellers '... '/?products_group=new', \"[class='tab-new ']\"), ('Распродажа товаров', '/?products_group=sale', \"[class='tab-sale ']\")]\n        item       = ('Распродажа товаров', '/?products_group=sale', \"[class='tab-sale ']\")\n        menu_element = \"[class='catalog-toolbar-tabs__content'] a\"\nC:\\Users\\xiaom\\AppData\\Local\\Programs\\Python\\Python311\\Lib\\site-packages\\selenium\\webdriver\\remote\\webelement.py:94: in click\n    self._execute(Command.CLICK_ELEMENT)\n        self       = <selenium.webdriver.remote.webelement.WebElement (session=\"442a7ae924eb8501a76b53b50d0f5d64\", element=\"8D2FC73D429F899E7B79ECF6BE75CCEA_element_76\")>\nC:\\Users\\xiaom\\AppData\\Local\\Programs\\Python\\Python311\\Lib\\site-packages\\selenium\\webdriver\\remote\\webelement.py:395: in _execute\n    return self._parent.execute(command, params)\n        command    = 'clickElement'\n        params     = {'id': '8D2FC73D429F899E7B79ECF6BE75CCEA_element_76'}\n        self       = <selenium.webdriver.remote.webelement.WebElement (session=\"442a7ae924eb8501a76b53b50d0f5d64\", element=\"8D2FC73D429F899E7B79ECF6BE75CCEA_element_76\")>\nC:\\Users\\xiaom\\AppData\\Local\\Programs\\Python\\Python311\\Lib\\site-packages\\selenium\\webdriver\\remote\\webdriver.py:346: in execute\n    self.error_handler.check_response(response)\n        driver_command = 'clickElement'\n        params     = {'id': '8D2FC73D429F899E7B79ECF6BE75CCEA_element_76'}\n        response   = {'status': 400, 'value': '{\"value\":{\"error\":\"element click intercepted\",\"message\":\"element click intercepted: Element ...\\n\\\\tRtlGetAppContainerNamedObjectPath [0x77B77B4E+286]\\\\n\\\\tRtlGetAppContainerNamedObjectPath [0x77B77B1E+238]\\\\n\"}}'}\n        self       = <selenium.webdriver.chrome.webdriver.WebDriver (session=\"442a7ae924eb8501a76b53b50d0f5d64\")>\nC:\\Users\\xiaom\\AppData\\Local\\Programs\\Python\\Python311\\Lib\\site-packages\\selenium\\webdriver\\remote\\errorhandler.py:245: in check_response\n    raise exception_class(message, screen, stacktrace)\nE   selenium.common.exceptions.ElementClickInterceptedException: Message: element click intercepted: Element <a href=\"https://testqastudio.me?products_group=sale\" class=\"tab-sale \">...</a> is not clickable at point (708, 695). Other element would receive the click: <div class=\"catalog-toolbar-tabs__content\">...</div>\nE     (Session info: chrome=114.0.5735.110)\nE   Stacktrace:\nE   Backtrace:\nE   \tGetHandleVerifier [0x00C6A813+48355]\nE   \t(No symbol) [0x00BFC4B1]\nE   \t(No symbol) [0x00B05358]\nE   \t(No symbol) [0x00B35062]\nE   \t(No symbol) [0x00B33B98]\nE   \t(No symbol) [0x00B3239B]\nE   \t(No symbol) [0x00B3179E]\nE   \t(No symbol) [0x00B29F5C]\nE   \t(No symbol) [0x00B4A73C]\nE   \t(No symbol) [0x00B29A36]\nE   \t(No symbol) [0x00B4AA94]\nE   \t(No symbol) [0x00B5C922]\nE   \t(No symbol) [0x00B4A536]\nE   \t(No symbol) [0x00B282DC]\nE   \t(No symbol) [0x00B293DD]\nE   \tGetHandleVerifier [0x00ECAABD+2539405]\nE   \tGetHandleVerifier [0x00F0A78F+2800735]\nE   \tGetHandleVerifier [0x00F0456C+2775612]\nE   \tGetHandleVerifier [0x00CF51E0+616112]\nE   \t(No symbol) [0x00C05F8C]\nE   \t(No symbol) [0x00C02328]\nE   \t(No symbol) [0x00C0240B]\nE   \t(No symbol) [0x00BF4FF7]\nE   \tBaseThreadInitThunk [0x779300C9+25]\nE   \tRtlGetAppContainerNamedObjectPath [0x77B77B4E+286]\nE   \tRtlGetAppContainerNamedObjectPath [0x77B77B1E+238]\n        exception_class = <class 'selenium.common.exceptions.ElementClickInterceptedException'>\n        json       = <module 'json' from 'C:\\\\Users\\\\xiaom\\\\AppData\\\\Local\\\\Programs\\\\Python\\\\Python311\\\\Lib\\\\json\\\\__init__.py'>\n        message    = 'element click intercepted: Element <a href=\"https://testqastudio.me?products_group=sale\" class=\"tab-sale \">...</a> is...would receive the click: <div class=\"catalog-toolbar-tabs__content\">...</div>\\n  (Session info: chrome=114.0.5735.110)'\n        response   = {'status': 400, 'value': '{\"value\":{\"error\":\"element click intercepted\",\"message\":\"element click intercepted: Element ...\\n\\\\tRtlGetAppContainerNamedObjectPath [0x77B77B4E+286]\\\\n\\\\tRtlGetAppContainerNamedObjectPath [0x77B77B1E+238]\\\\n\"}}'}\n        screen     = None\n        self       = <selenium.webdriver.remote.errorhandler.ErrorHandler object at 0x00000247D0AE2F10>\n        st_value   = 'Backtrace:\\n\\tGetHandleVerifier [0x00C6A813+48355]\\n\\t(No symbol) [0x00BFC4B1]\\n\\t(No symbol) [0x00B05358]\\n\\t(No sym...00C9+25]\\n\\tRtlGetAppContainerNamedObjectPath [0x77B77B4E+286]\\n\\tRtlGetAppContainerNamedObjectPath [0x77B77B1E+238]\\n'\n        stacktrace = ['Backtrace:', '\\tGetHandleVerifier [0x00C6A813+48355]', '\\t(No symbol) [0x00BFC4B1]', '\\t(No symbol) [0x00B05358]', '\\t(No symbol) [0x00B35062]', '\\t(No symbol) [0x00B33B98]', ...]\n        status     = 'element click intercepted'\n        value      = {'error': 'element click intercepted', 'message': 'element click intercepted: Element <a href=\"https://testqastudio.me...0C9+25]\\n\\tRtlGetAppContainerNamedObjectPath [0x77B77B4E+286]\\n\\tRtlGetAppContainerNamedObjectPath [0x77B77B1E+238]\\n'}\n        value_json = '{\"value\":{\"error\":\"element click intercepted\",\"message\":\"element click intercepted: Element \\\\u003Ca href=\\\\\"https://...\\\\n\\\\tRtlGetAppContainerNamedObjectPath [0x77B77B4E+286]\\\\n\\\\tRtlGetAppContainerNamedObjectPath [0x77B77B1E+238]\\\\n\"}}'"}, "description": "\n    Test case TC-2\n    ", "start": 1686935066130, "stop": 1686935072437, "uuid": "403ecc66-0bce-4ed5-8f11-a4dc303f83ba", "historyId": "4fdd6adba16e950b161eae73ef4ccb14", "testCaseId": "4fdd6adba16e950b161eae73ef4ccb14", "fullName": "tests.test_shop#test_products_group", "labels": [{"name": "tag", "value": "@pytest.mark.xfail(reason='Wait for fix bug')"}, {"name": "parentSuite", "value": "tests"}, {"name": "suite", "value": "test_shop"}, {"name": "host", "value": "DESKTOP-9RBIBP9"}, {"name": "thread", "value": "23600-MainThread"}, {"name": "framework", "value": "pytest"}, {"name": "language", "value": "cpython3"}, {"name": "package", "value": "tests.test_shop"}]}